<?xml version="1.0" encoding="UTF-8"?>
<testsuite name="com.warranty.repository.CategoryRepositoryTest" tests="7" skipped="0" failures="0" errors="0" timestamp="2026-09-09T17:19:52" hostname="DESKTOP-SUOA15L" time="0.797">
  <properties/>
  <testcase name="testFindByIdWithValidId()" classname="com.warranty.repository.CategoryRepositoryTest" time="0.636"/>
  <testcase name="testFindByNameNotFound()" classname="com.warranty.repository.CategoryRepositoryTest" time="0.087"/>
  <testcase name="testFindAll()" classname="com.warranty.repository.CategoryRepositoryTest" time="0.022"/>
  <testcase name="testFindByName()" classname="com.warranty.repository.CategoryRepositoryTest" time="0.011"/>
  <testcase name="testSaveCategory()" classname="com.warranty.repository.CategoryRepositoryTest" time="0.01"/>
  <testcase name="testDeleteCategory()" classname="com.warranty.repository.CategoryRepositoryTest" time="0.013"/>
  <testcase name="testFindByIdWithInvalidId()" classname="com.warranty.repository.CategoryRepositoryTest" time="0.008"/>
  <system-out><![CDATA[00:19:47.588 [Test worker] INFO org.springframework.test.context.support.AnnotationConfigContextLoaderUtils -- Could not detect default configuration classes for test class [com.warranty.repository.CategoryRepositoryTest]: CategoryRepositoryTest does not declare any static, non-private, non-final, nested classes annotated with @Configuration.
00:19:47.841 [Test worker] INFO org.springframework.boot.test.context.SpringBootTestContextBootstrapper -- Found @SpringBootConfiguration com.warranty.WarrantyTrackerApiApplication for test class com.warranty.repository.CategoryRepositoryTest

  .   ____          _            __ _ _
 /\\ / ___'_ __ _ _(_)_ __  __ _ \ \ \ \
( ( )\___ | '_ | '_| | '_ \/ _` | \ \ \ \
 \\/  ___)| |_)| | | | | || (_| |  ) ) ) )
  '  |____| .__|_| |_|_| |_\__, | / / / /
 =========|_|==============|___/=/_/_/_/
 :: Spring Boot ::                (v3.2.0)

2026-09-10T00:19:48.433+07:00  INFO 13012 --- [warranty-tracker-api] [    Test worker] c.w.repository.CategoryRepositoryTest    : Starting CategoryRepositoryTest using Java 21.0.12 with PID 13012 (started by nat29 in D:\App-learn\github-app\warranty\warranty-tracker-api)
2026-09-10T00:19:48.436+07:00  INFO 13012 --- [warranty-tracker-api] [    Test worker] c.w.repository.CategoryRepositoryTest    : No active profile set, falling back to 1 default profile: "default"
2026-09-10T00:19:49.109+07:00  INFO 13012 --- [warranty-tracker-api] [    Test worker] .s.d.r.c.RepositoryConfigurationDelegate : Bootstrapping Spring Data JPA repositories in DEFAULT mode.
2026-09-10T00:19:49.296+07:00  INFO 13012 --- [warranty-tracker-api] [    Test worker] .s.d.r.c.RepositoryConfigurationDelegate : Finished Spring Data repository scanning in 174 ms. Found 2 JPA repository interfaces.
2026-09-10T00:19:49.411+07:00  INFO 13012 --- [warranty-tracker-api] [    Test worker] beddedDataSourceBeanFactoryPostProcessor : Replacing 'dataSource' DataSource bean with embedded version
2026-09-10T00:19:49.674+07:00  INFO 13012 --- [warranty-tracker-api] [    Test worker] o.s.j.d.e.EmbeddedDatabaseFactory        : Starting embedded database: url='jdbc:h2:mem:4b6feb8c-262f-4448-a67c-199f01b58be2;DB_CLOSE_DELAY=-1;DB_CLOSE_ON_EXIT=false', username='sa'
2026-09-10T00:19:50.152+07:00  INFO 13012 --- [warranty-tracker-api] [    Test worker] o.hibernate.jpa.internal.util.LogHelper  : HHH000204: Processing PersistenceUnitInfo [name: default]
2026-09-10T00:19:50.232+07:00  INFO 13012 --- [warranty-tracker-api] [    Test worker] org.hibernate.Version                    : HHH000412: Hibernate ORM core version 6.3.1.Final
2026-09-10T00:19:50.296+07:00  INFO 13012 --- [warranty-tracker-api] [    Test worker] o.h.c.internal.RegionFactoryInitiator    : HHH000026: Second-level cache disabled
2026-09-10T00:19:50.629+07:00  INFO 13012 --- [warranty-tracker-api] [    Test worker] o.s.o.j.p.SpringPersistenceUnitInfo      : No LoadTimeWeaver setup: ignoring JPA class transformer
2026-09-10T00:19:50.678+07:00  WARN 13012 --- [warranty-tracker-api] [    Test worker] org.hibernate.orm.deprecation            : HHH90000025: H2Dialect does not need to be specified explicitly using 'hibernate.dialect' (remove the property setting and it will be selected by default)
2026-09-10T00:19:51.737+07:00  INFO 13012 --- [warranty-tracker-api] [    Test worker] o.h.e.t.j.p.i.JtaPlatformInitiator       : HHH000489: No JTA platform available (set 'hibernate.transaction.jta.platform' to enable JTA platform integration)
Hibernate: 
    drop table if exists category cascade 
Hibernate: 
    drop table if exists product cascade 
Hibernate: 
    create table category (
        id bigint generated by default as identity,
        name varchar(255) not null unique,
        primary key (id)
    )
Hibernate: 
    create table product (
        purchase_date date not null,
        warranty_months integer not null,
        category_id bigint not null,
        id bigint generated by default as identity,
        name varchar(255) not null,
        primary key (id)
    )
Hibernate: 
    alter table if exists product 
       add constraint FK1mtsbur82frn64de7balymq9s 
       foreign key (category_id) 
       references category
2026-09-10T00:19:51.795+07:00  INFO 13012 --- [warranty-tracker-api] [    Test worker] j.LocalContainerEntityManagerFactoryBean : Initialized JPA EntityManagerFactory for persistence unit 'default'
2026-09-10T00:19:52.061+07:00  INFO 13012 --- [warranty-tracker-api] [    Test worker] o.s.d.j.r.query.QueryEnhancerFactory     : Hibernate is in classpath; If applicable, HQL parser will be used.
2026-09-10T00:19:52.804+07:00  INFO 13012 --- [warranty-tracker-api] [    Test worker] c.w.repository.CategoryRepositoryTest    : Started CategoryRepositoryTest in 4.841 seconds (process running for 6.689)
Hibernate: 
    insert 
    into
        category
        (name, id) 
    values
        (?, default)
Hibernate: 
    select
        c1_0.id,
        c1_0.name 
    from
        category c1_0 
    where
        c1_0.name=?
Hibernate: 
    insert 
    into
        category
        (name, id) 
    values
        (?, default)
Hibernate: 
    insert 
    into
        category
        (name, id) 
    values
        (?, default)
Hibernate: 
    select
        c1_0.id,
        c1_0.name 
    from
        category c1_0
Hibernate: 
    insert 
    into
        category
        (name, id) 
    values
        (?, default)
Hibernate: 
    select
        c1_0.id,
        c1_0.name 
    from
        category c1_0 
    where
        c1_0.name=?
Hibernate: 
    insert 
    into
        category
        (name, id) 
    values
        (?, default)
Hibernate: 
    insert 
    into
        category
        (name, id) 
    values
        (?, default)
Hibernate: 
    select
        c1_0.id,
        c1_0.name 
    from
        category c1_0 
    where
        c1_0.id=?
]]></system-out>
  <system-err><![CDATA[WARNING: A Java agent has been loaded dynamically (C:\Users\nat29\.gradle\caches\modules-2\files-2.1\net.bytebuddy\byte-buddy-agent\1.14.10\90ed94ac044ea8953b224304c762316e91fd6b31\byte-buddy-agent-1.14.10.jar)
WARNING: If a serviceability tool is in use, please run with -XX:+EnableDynamicAgentLoading to hide this warning
WARNING: If a serviceability tool is not in use, please run with -Djdk.instrument.traceUsage for more information
WARNING: Dynamic loading of agents will be disallowed by default in a future release
]]></system-err>
</testsuite>
